Determining if the pthread_create exist failed with the following output:
Change Dir: /home/parham/Desktop/AIC19-Client-Cpp/cmake-build-debug/CMakeFiles/CMakeTmp

Run Build Command:"/usr/bin/make" "cmTC_5dcad/fast"
/usr/bin/make -f CMakeFiles/cmTC_5dcad.dir/build.make CMakeFiles/cmTC_5dcad.dir/build
make[1]: Entering directory '/home/parham/Desktop/AIC19-Client-Cpp/cmake-build-debug/CMakeFiles/CMakeTmp'
Building CXX object CMakeFiles/cmTC_5dcad.dir/CheckSymbolExists.cxx.o
/usr/bin/c++     -o CMakeFiles/cmTC_5dcad.dir/CheckSymbolExists.cxx.o -c /home/parham/Desktop/AIC19-Client-Cpp/cmake-build-debug/CMakeFiles/CMakeTmp/CheckSymbolExists.cxx
Linking CXX executable cmTC_5dcad
/home/parham/.local/share/JetBrains/Toolbox/apps/CLion/ch-0/183.5429.37/bin/cmake/linux/bin/cmake -E cmake_link_script CMakeFiles/cmTC_5dcad.dir/link.txt --verbose=1
/usr/bin/c++       -rdynamic CMakeFiles/cmTC_5dcad.dir/CheckSymbolExists.cxx.o  -o cmTC_5dcad 
/usr/bin/ld: CMakeFiles/cmTC_5dcad.dir/CheckSymbolExists.cxx.o: in function `main':
CheckSymbolExists.cxx:(.text+0x1b): undefined reference to `pthread_create'
collect2: error: ld returned 1 exit status
make[1]: *** [CMakeFiles/cmTC_5dcad.dir/build.make:87: cmTC_5dcad] Error 1
make[1]: Leaving directory '/home/parham/Desktop/AIC19-Client-Cpp/cmake-build-debug/CMakeFiles/CMakeTmp'
make: *** [Makefile:121: cmTC_5dcad/fast] Error 2

File /home/parham/Desktop/AIC19-Client-Cpp/cmake-build-debug/CMakeFiles/CMakeTmp/CheckSymbolExists.cxx:
/* */
#include <pthread.h>

int main(int argc, char** argv)
{
  (void)argv;
#ifndef pthread_create
  return ((int*)(&pthread_create))[argc];
#else
  (void)argc;
  return 0;
#endif
}

Determining if the function pthread_create exists in the pthreads failed with the following output:
Change Dir: /home/parham/Desktop/AIC19-Client-Cpp/cmake-build-debug/CMakeFiles/CMakeTmp

Run Build Command:"/usr/bin/make" "cmTC_6f159/fast"
/usr/bin/make -f CMakeFiles/cmTC_6f159.dir/build.make CMakeFiles/cmTC_6f159.dir/build
make[1]: Entering directory '/home/parham/Desktop/AIC19-Client-Cpp/cmake-build-debug/CMakeFiles/CMakeTmp'
Building CXX object CMakeFiles/cmTC_6f159.dir/CheckFunctionExists.cxx.o
/usr/bin/c++    -DCHECK_FUNCTION_EXISTS=pthread_create   -o CMakeFiles/cmTC_6f159.dir/CheckFunctionExists.cxx.o -c /home/parham/Desktop/AIC19-Client-Cpp/cmake-build-debug/CMakeFiles/CheckLibraryExists/CheckFunctionExists.cxx
Linking CXX executable cmTC_6f159
/home/parham/.local/share/JetBrains/Toolbox/apps/CLion/ch-0/183.5429.37/bin/cmake/linux/bin/cmake -E cmake_link_script CMakeFiles/cmTC_6f159.dir/link.txt --verbose=1
/usr/bin/c++   -DCHECK_FUNCTION_EXISTS=pthread_create    -rdynamic CMakeFiles/cmTC_6f159.dir/CheckFunctionExists.cxx.o  -o cmTC_6f159 -lpthreads 
/usr/bin/ld: cannot find -lpthreads
collect2: error: ld returned 1 exit status
make[1]: *** [CMakeFiles/cmTC_6f159.dir/build.make:87: cmTC_6f159] Error 1
make[1]: Leaving directory '/home/parham/Desktop/AIC19-Client-Cpp/cmake-build-debug/CMakeFiles/CMakeTmp'
make: *** [Makefile:121: cmTC_6f159/fast] Error 2


